# JRE version: Java(TM) SE Runtime Environment (22.0.1+8) (build 22.0.1+8-16)
# Java VM: Java HotSpot(TM) 64-Bit Server VM (22.0.1+8-16, mixed mode, sharing, tiered, compressed oops, compressed class ptrs, g1 gc, windows-amd64)
GC Precious Log:
 CardTable entry size: 512
 Card Set container configuration: InlinePtr #cards 5 size 8 Array Of Cards #cards 12 size 40 Howl #buckets 4 coarsen threshold 1843 Howl Bitmap #cards 512 size 80 coarsen threshold 460 Card regions per heap region 1 cards per card region 2048
 CPUs: 2 total, 2 available
 Memory: 8190M
 Large Page Support: Disabled
 NUMA Support: Disabled
 Compressed Oops: Enabled (32-bit)
 Heap Region Size: 1M
 Heap Min Capacity: 8M
 Heap Initial Capacity: 128M
 Heap Max Capacity: 2G
 Pre-touch: Disabled
 Parallel Workers: 2
 Concurrent Workers: 1
 Concurrent Refinement Workers: 2
 Periodic GC: Disabled
Heap:
 garbage-first heap   total reserved 2097152K, committed 58368K, used 37751K [0x0000000080000000, 0x0000000100000000)
  region size 1024K, 9 young (9216K), 1 survivors (1024K)
 Metaspace       used 72507K, committed 73216K, reserved 1114112K
  class space    used 10376K, committed 10688K, reserved 1048576K
GC Heap History (20 events):
Event: 6.909 GC heap before
{Heap before GC invocations=7 (full 0):
 garbage-first heap   total reserved 2097152K, committed 48128K, used 38460K [0x0000000080000000, 0x0000000100000000)
  region size 1024K, 23 young (23552K), 3 survivors (3072K)
 Metaspace       used 32001K, committed 32448K, reserved 1114112K
  class space    used 4274K, committed 4480K, reserved 1048576K
}
Event: 6.915 GC heap after
{Heap after GC invocations=8 (full 0):
 garbage-first heap   total reserved 2097152K, committed 48128K, used 19468K [0x0000000080000000, 0x0000000100000000)
  region size 1024K, 2 young (2048K), 2 survivors (2048K)
 Metaspace       used 32001K, committed 32448K, reserved 1114112K
  class space    used 4274K, committed 4480K, reserved 1048576K
}
Event: 7.315 GC heap before
{Heap before GC invocations=8 (full 0):
 garbage-first heap   total reserved 2097152K, committed 48128K, used 27660K [0x0000000080000000, 0x0000000100000000)
  region size 1024K, 11 young (11264K), 2 survivors (2048K)
 Metaspace       used 35565K, committed 35968K, reserved 1114112K
  class space    used 4682K, committed 4864K, reserved 1048576K
}
Event: 7.320 GC heap after
{Heap after GC invocations=9 (full 0):
 garbage-first heap   total reserved 2097152K, committed 48128K, used 21267K [0x0000000080000000, 0x0000000100000000)
  region size 1024K, 3 young (3072K), 3 survivors (3072K)
 Metaspace       used 35565K, committed 35968K, reserved 1114112K
  class space    used 4682K, committed 4864K, reserved 1048576K
}
Event: 8.568 GC heap before
{Heap before GC invocations=10 (full 0):
 garbage-first heap   total reserved 2097152K, committed 48128K, used 40723K [0x0000000080000000, 0x0000000100000000)
  region size 1024K, 22 young (22528K), 3 survivors (3072K)
 Metaspace       used 42430K, committed 43008K, reserved 1114112K
  class space    used 5533K, committed 5760K, reserved 1048576K
}
Event: 8.575 GC heap after
{Heap after GC invocations=11 (full 0):
 garbage-first heap   total reserved 2097152K, committed 48128K, used 22819K [0x0000000080000000, 0x0000000100000000)
  region size 1024K, 3 young (3072K), 3 survivors (3072K)
 Metaspace       used 42430K, committed 43008K, reserved 1114112K
  class space    used 5533K, committed 5760K, reserved 1048576K
}
Event: 9.434 GC heap before
{Heap before GC invocations=11 (full 0):
 garbage-first heap   total reserved 2097152K, committed 48128K, used 41251K [0x0000000080000000, 0x0000000100000000)
  region size 1024K, 21 young (21504K), 3 survivors (3072K)
 Metaspace       used 46531K, committed 47104K, reserved 1114112K
  class space    used 6213K, committed 6464K, reserved 1048576K
}
Event: 9.442 GC heap after
{Heap after GC invocations=12 (full 0):
 garbage-first heap   total reserved 2097152K, committed 48128K, used 23361K [0x0000000080000000, 0x0000000100000000)
  region size 1024K, 3 young (3072K), 3 survivors (3072K)
 Metaspace       used 46531K, committed 47104K, reserved 1114112K
  class space    used 6213K, committed 6464K, reserved 1048576K
}
Event: 10.269 GC heap before
{Heap before GC invocations=12 (full 0):
 garbage-first heap   total reserved 2097152K, committed 48128K, used 40769K [0x0000000080000000, 0x0000000100000000)
  region size 1024K, 21 young (21504K), 3 survivors (3072K)
 Metaspace       used 51151K, committed 51712K, reserved 1114112K
  class space    used 6912K, committed 7168K, reserved 1048576K
}
Event: 10.276 GC heap after
{Heap after GC invocations=13 (full 0):
 garbage-first heap   total reserved 2097152K, committed 48128K, used 24430K [0x0000000080000000, 0x0000000100000000)
  region size 1024K, 3 young (3072K), 3 survivors (3072K)
 Metaspace       used 51151K, committed 51712K, reserved 1114112K
  class space    used 6912K, committed 7168K, reserved 1048576K
}
Event: 10.738 GC heap before
{Heap before GC invocations=13 (full 0):
 garbage-first heap   total reserved 2097152K, committed 48128K, used 39790K [0x0000000080000000, 0x0000000100000000)
  region size 1024K, 19 young (19456K), 3 survivors (3072K)
 Metaspace       used 55474K, committed 56128K, reserved 1114112K
  class space    used 7535K, committed 7808K, reserved 1048576K
}
Event: 10.744 GC heap after
{Heap after GC invocations=14 (full 0):
 garbage-first heap   total reserved 2097152K, committed 58368K, used 25423K [0x0000000080000000, 0x0000000100000000)
  region size 1024K, 2 young (2048K), 2 survivors (2048K)
 Metaspace       used 55474K, committed 56128K, reserved 1114112K
  class space    used 7535K, committed 7808K, reserved 1048576K
}
Event: 11.740 GC heap before
{Heap before GC invocations=15 (full 0):
 garbage-first heap   total reserved 2097152K, committed 58368K, used 51023K [0x0000000080000000, 0x0000000100000000)
  region size 1024K, 28 young (28672K), 2 survivors (2048K)
 Metaspace       used 61737K, committed 62336K, reserved 1114112K
  class space    used 8559K, committed 8832K, reserved 1048576K
}
Event: 11.746 GC heap after
{Heap after GC invocations=16 (full 0):
 garbage-first heap   total reserved 2097152K, committed 58368K, used 26231K [0x0000000080000000, 0x0000000100000000)
  region size 1024K, 3 young (3072K), 3 survivors (3072K)
 Metaspace       used 61737K, committed 62336K, reserved 1114112K
  class space    used 8559K, committed 8832K, reserved 1048576K
}
Event: 12.817 GC heap before
{Heap before GC invocations=16 (full 0):
 garbage-first heap   total reserved 2097152K, committed 58368K, used 49783K [0x0000000080000000, 0x0000000100000000)
  region size 1024K, 27 young (27648K), 3 survivors (3072K)
 Metaspace       used 66643K, committed 67328K, reserved 1114112K
  class space    used 9260K, committed 9536K, reserved 1048576K
}
Event: 12.828 GC heap after
{Heap after GC invocations=17 (full 0):
 garbage-first heap   total reserved 2097152K, committed 58368K, used 27925K [0x0000000080000000, 0x0000000100000000)
  region size 1024K, 4 young (4096K), 4 survivors (4096K)
 Metaspace       used 66643K, committed 67328K, reserved 1114112K
  class space    used 9260K, committed 9536K, reserved 1048576K
}
Event: 13.934 GC heap before
{Heap before GC invocations=17 (full 0):
 garbage-first heap   total reserved 2097152K, committed 58368K, used 48405K [0x0000000080000000, 0x0000000100000000)
  region size 1024K, 25 young (25600K), 4 survivors (4096K)
 Metaspace       used 69815K, committed 70464K, reserved 1114112K
  class space    used 9905K, committed 10176K, reserved 1048576K
}
Event: 13.945 GC heap after
{Heap after GC invocations=18 (full 0):
 garbage-first heap   total reserved 2097152K, committed 58368K, used 30699K [0x0000000080000000, 0x0000000100000000)
  region size 1024K, 3 young (3072K), 3 survivors (3072K)
 Metaspace       used 69815K, committed 70464K, reserved 1114112K
  class space    used 9905K, committed 10176K, reserved 1048576K
}
Event: 14.688 GC heap before
{Heap before GC invocations=18 (full 0):
 garbage-first heap   total reserved 2097152K, committed 58368K, used 50155K [0x0000000080000000, 0x0000000100000000)
  region size 1024K, 23 young (23552K), 3 survivors (3072K)
 Metaspace       used 71530K, committed 72192K, reserved 1114112K
  class space    used 10185K, committed 10496K, reserved 1048576K
}
Event: 14.694 GC heap after
{Heap after GC invocations=19 (full 0):
 garbage-first heap   total reserved 2097152K, committed 58368K, used 30583K [0x0000000080000000, 0x0000000100000000)
  region size 1024K, 1 young (1024K), 1 survivors (1024K)
 Metaspace       used 71530K, committed 72192K, reserved 1114112K
  class space    used 10185K, committed 10496K, reserved 1048576K
}

