# JRE version: Java(TM) SE Runtime Environment (22.0.1+8) (build 22.0.1+8-16)
# Java VM: Java HotSpot(TM) 64-Bit Server VM (22.0.1+8-16, mixed mode, sharing, tiered, compressed oops, compressed class ptrs, g1 gc, windows-amd64)
GC Precious Log:
 CardTable entry size: 512
 Card Set container configuration: InlinePtr #cards 5 size 8 Array Of Cards #cards 12 size 40 Howl #buckets 4 coarsen threshold 1843 Howl Bitmap #cards 512 size 80 coarsen threshold 460 Card regions per heap region 1 cards per card region 2048
 CPUs: 2 total, 2 available
 Memory: 8190M
 Large Page Support: Disabled
 NUMA Support: Disabled
 Compressed Oops: Enabled (32-bit)
 Heap Region Size: 1M
 Heap Min Capacity: 8M
 Heap Initial Capacity: 128M
 Heap Max Capacity: 2G
 Pre-touch: Disabled
 Parallel Workers: 2
 Concurrent Workers: 1
 Concurrent Refinement Workers: 2
 Periodic GC: Disabled
Heap:
 garbage-first heap   total reserved 2097152K, committed 58368K, used 35329K [0x0000000080000000, 0x0000000100000000)
  region size 1024K, 13 young (13312K), 4 survivors (4096K)
 Metaspace       used 66302K, committed 67008K, reserved 1114112K
  class space    used 9219K, committed 9536K, reserved 1048576K
GC Heap History (20 events):
Event: 4.885 GC heap before
{Heap before GC invocations=5 (full 0):
 garbage-first heap   total reserved 2097152K, committed 48128K, used 33884K [0x0000000080000000, 0x0000000100000000)
  region size 1024K, 28 young (28672K), 7 survivors (7168K)
 Metaspace       used 24598K, committed 24896K, reserved 1114112K
  class space    used 3212K, committed 3328K, reserved 1048576K
}
Event: 4.899 GC heap after
{Heap after GC invocations=6 (full 0):
 garbage-first heap   total reserved 2097152K, committed 48128K, used 16104K [0x0000000080000000, 0x0000000100000000)
  region size 1024K, 3 young (3072K), 3 survivors (3072K)
 Metaspace       used 24598K, committed 24896K, reserved 1114112K
  class space    used 3212K, committed 3328K, reserved 1048576K
}
Event: 5.634 GC heap before
{Heap before GC invocations=6 (full 0):
 garbage-first heap   total reserved 2097152K, committed 48128K, used 36584K [0x0000000080000000, 0x0000000100000000)
  region size 1024K, 23 young (23552K), 3 survivors (3072K)
 Metaspace       used 28715K, committed 29120K, reserved 1114112K
  class space    used 3806K, committed 4032K, reserved 1048576K
}
Event: 5.641 GC heap after
{Heap after GC invocations=7 (full 0):
 garbage-first heap   total reserved 2097152K, committed 48128K, used 17343K [0x0000000080000000, 0x0000000100000000)
  region size 1024K, 2 young (2048K), 2 survivors (2048K)
 Metaspace       used 28715K, committed 29120K, reserved 1114112K
  class space    used 3806K, committed 4032K, reserved 1048576K
}
Event: 6.539 GC heap before
{Heap before GC invocations=7 (full 0):
 garbage-first heap   total reserved 2097152K, committed 48128K, used 38847K [0x0000000080000000, 0x0000000100000000)
  region size 1024K, 23 young (23552K), 2 survivors (2048K)
 Metaspace       used 32601K, committed 33024K, reserved 1114112K
  class space    used 4347K, committed 4544K, reserved 1048576K
}
Event: 6.547 GC heap after
{Heap after GC invocations=8 (full 0):
 garbage-first heap   total reserved 2097152K, committed 48128K, used 19290K [0x0000000080000000, 0x0000000100000000)
  region size 1024K, 2 young (2048K), 2 survivors (2048K)
 Metaspace       used 32601K, committed 33024K, reserved 1114112K
  class space    used 4347K, committed 4544K, reserved 1048576K
}
Event: 7.022 GC heap before
{Heap before GC invocations=8 (full 0):
 garbage-first heap   total reserved 2097152K, committed 48128K, used 25434K [0x0000000080000000, 0x0000000100000000)
  region size 1024K, 9 young (9216K), 2 survivors (2048K)
 Metaspace       used 35555K, committed 35968K, reserved 1114112K
  class space    used 4676K, committed 4864K, reserved 1048576K
}
Event: 7.028 GC heap after
{Heap after GC invocations=9 (full 0):
 garbage-first heap   total reserved 2097152K, committed 48128K, used 20278K [0x0000000080000000, 0x0000000100000000)
  region size 1024K, 2 young (2048K), 2 survivors (2048K)
 Metaspace       used 35555K, committed 35968K, reserved 1114112K
  class space    used 4676K, committed 4864K, reserved 1048576K
}
Event: 8.468 GC heap before
{Heap before GC invocations=10 (full 0):
 garbage-first heap   total reserved 2097152K, committed 48128K, used 38710K [0x0000000080000000, 0x0000000100000000)
  region size 1024K, 20 young (20480K), 2 survivors (2048K)
 Metaspace       used 42149K, committed 42752K, reserved 1114112K
  class space    used 5496K, committed 5760K, reserved 1048576K
}
Event: 8.473 GC heap after
{Heap after GC invocations=11 (full 0):
 garbage-first heap   total reserved 2097152K, committed 48128K, used 21645K [0x0000000080000000, 0x0000000100000000)
  region size 1024K, 3 young (3072K), 3 survivors (3072K)
 Metaspace       used 42149K, committed 42752K, reserved 1114112K
  class space    used 5496K, committed 5760K, reserved 1048576K
}
Event: 9.367 GC heap before
{Heap before GC invocations=11 (full 0):
 garbage-first heap   total reserved 2097152K, committed 48128K, used 39053K [0x0000000080000000, 0x0000000100000000)
  region size 1024K, 21 young (21504K), 3 survivors (3072K)
 Metaspace       used 46257K, committed 46784K, reserved 1114112K
  class space    used 6173K, committed 6400K, reserved 1048576K
}
Event: 9.374 GC heap after
{Heap after GC invocations=12 (full 0):
 garbage-first heap   total reserved 2097152K, committed 48128K, used 22665K [0x0000000080000000, 0x0000000100000000)
  region size 1024K, 3 young (3072K), 3 survivors (3072K)
 Metaspace       used 46257K, committed 46784K, reserved 1114112K
  class space    used 6173K, committed 6400K, reserved 1048576K
}
Event: 10.010 GC heap before
{Heap before GC invocations=12 (full 0):
 garbage-first heap   total reserved 2097152K, committed 48128K, used 40073K [0x0000000080000000, 0x0000000100000000)
  region size 1024K, 21 young (21504K), 3 survivors (3072K)
 Metaspace       used 50796K, committed 51392K, reserved 1114112K
  class space    used 6860K, committed 7168K, reserved 1048576K
}
Event: 10.017 GC heap after
{Heap after GC invocations=13 (full 0):
 garbage-first heap   total reserved 2097152K, committed 48128K, used 23690K [0x0000000080000000, 0x0000000100000000)
  region size 1024K, 3 young (3072K), 3 survivors (3072K)
 Metaspace       used 50796K, committed 51392K, reserved 1114112K
  class space    used 6860K, committed 7168K, reserved 1048576K
}
Event: 10.519 GC heap before
{Heap before GC invocations=13 (full 0):
 garbage-first heap   total reserved 2097152K, committed 48128K, used 40074K [0x0000000080000000, 0x0000000100000000)
  region size 1024K, 20 young (20480K), 3 survivors (3072K)
 Metaspace       used 55327K, committed 56000K, reserved 1114112K
  class space    used 7439K, committed 7744K, reserved 1048576K
}
Event: 10.525 GC heap after
{Heap after GC invocations=14 (full 0):
 garbage-first heap   total reserved 2097152K, committed 48128K, used 24712K [0x0000000080000000, 0x0000000100000000)
  region size 1024K, 2 young (2048K), 2 survivors (2048K)
 Metaspace       used 55327K, committed 56000K, reserved 1114112K
  class space    used 7439K, committed 7744K, reserved 1048576K
}
Event: 11.043 GC heap before
{Heap before GC invocations=14 (full 0):
 garbage-first heap   total reserved 2097152K, committed 48128K, used 39048K [0x0000000080000000, 0x0000000100000000)
  region size 1024K, 17 young (17408K), 2 survivors (2048K)
 Metaspace       used 59499K, committed 60096K, reserved 1114112K
  class space    used 8197K, committed 8512K, reserved 1048576K
}
Event: 11.052 GC heap after
{Heap after GC invocations=15 (full 0):
 garbage-first heap   total reserved 2097152K, committed 58368K, used 25166K [0x0000000080000000, 0x0000000100000000)
  region size 1024K, 2 young (2048K), 2 survivors (2048K)
 Metaspace       used 59499K, committed 60096K, reserved 1114112K
  class space    used 8197K, committed 8512K, reserved 1048576K
}
Event: 11.942 GC heap before
{Heap before GC invocations=16 (full 0):
 garbage-first heap   total reserved 2097152K, committed 58368K, used 49742K [0x0000000080000000, 0x0000000100000000)
  region size 1024K, 27 young (27648K), 2 survivors (2048K)
 Metaspace       used 64405K, committed 65152K, reserved 1114112K
  class space    used 8892K, committed 9216K, reserved 1048576K
}
Event: 11.949 GC heap after
{Heap after GC invocations=17 (full 0):
 garbage-first heap   total reserved 2097152K, committed 58368K, used 27137K [0x0000000080000000, 0x0000000100000000)
  region size 1024K, 4 young (4096K), 4 survivors (4096K)
 Metaspace       used 64405K, committed 65152K, reserved 1114112K
  class space    used 8892K, committed 9216K, reserved 1048576K
}

