# JRE version: Java(TM) SE Runtime Environment (22.0.1+8) (build 22.0.1+8-16)
# Java VM: Java HotSpot(TM) 64-Bit Server VM (22.0.1+8-16, mixed mode, sharing, tiered, compressed oops, compressed class ptrs, g1 gc, windows-amd64)
GC Precious Log:
 CardTable entry size: 512
 Card Set container configuration: InlinePtr #cards 5 size 8 Array Of Cards #cards 12 size 40 Howl #buckets 4 coarsen threshold 1843 Howl Bitmap #cards 512 size 80 coarsen threshold 460 Card regions per heap region 1 cards per card region 2048
 CPUs: 2 total, 2 available
 Memory: 8190M
 Large Page Support: Disabled
 NUMA Support: Disabled
 Compressed Oops: Enabled (32-bit)
 Heap Region Size: 1M
 Heap Min Capacity: 8M
 Heap Initial Capacity: 128M
 Heap Max Capacity: 2G
 Pre-touch: Disabled
 Parallel Workers: 2
 Concurrent Workers: 1
 Concurrent Refinement Workers: 2
 Periodic GC: Disabled
Heap:
 garbage-first heap   total reserved 2097152K, committed 48128K, used 31181K [0x0000000080000000, 0x0000000100000000)
  region size 1024K, 2 young (2048K), 1 survivors (1024K)
 Metaspace       used 71204K, committed 71936K, reserved 1114112K
  class space    used 10122K, committed 10432K, reserved 1048576K
GC Heap History (20 events):
Event: 9.642 GC heap before
{Heap before GC invocations=10 (full 0):
 garbage-first heap   total reserved 2097152K, committed 48128K, used 40580K [0x0000000080000000, 0x0000000100000000)
  region size 1024K, 22 young (22528K), 3 survivors (3072K)
 Metaspace       used 42405K, committed 42944K, reserved 1114112K
  class space    used 5526K, committed 5760K, reserved 1048576K
}
Event: 9.649 GC heap after
{Heap after GC invocations=11 (full 0):
 garbage-first heap   total reserved 2097152K, committed 48128K, used 22630K [0x0000000080000000, 0x0000000100000000)
  region size 1024K, 3 young (3072K), 3 survivors (3072K)
 Metaspace       used 42405K, committed 42944K, reserved 1114112K
  class space    used 5526K, committed 5760K, reserved 1048576K
}
Event: 10.510 GC heap before
{Heap before GC invocations=11 (full 0):
 garbage-first heap   total reserved 2097152K, committed 48128K, used 40038K [0x0000000080000000, 0x0000000100000000)
  region size 1024K, 21 young (21504K), 3 survivors (3072K)
 Metaspace       used 46441K, committed 46976K, reserved 1114112K
  class space    used 6190K, committed 6400K, reserved 1048576K
}
Event: 10.517 GC heap after
{Heap after GC invocations=12 (full 0):
 garbage-first heap   total reserved 2097152K, committed 48128K, used 23406K [0x0000000080000000, 0x0000000100000000)
  region size 1024K, 3 young (3072K), 3 survivors (3072K)
 Metaspace       used 46441K, committed 46976K, reserved 1114112K
  class space    used 6190K, committed 6400K, reserved 1048576K
}
Event: 11.227 GC heap before
{Heap before GC invocations=12 (full 0):
 garbage-first heap   total reserved 2097152K, committed 48128K, used 40814K [0x0000000080000000, 0x0000000100000000)
  region size 1024K, 21 young (21504K), 3 survivors (3072K)
 Metaspace       used 50978K, committed 51648K, reserved 1114112K
  class space    used 6882K, committed 7168K, reserved 1048576K
}
Event: 11.233 GC heap after
{Heap after GC invocations=13 (full 0):
 garbage-first heap   total reserved 2097152K, committed 48128K, used 24364K [0x0000000080000000, 0x0000000100000000)
  region size 1024K, 3 young (3072K), 3 survivors (3072K)
 Metaspace       used 50978K, committed 51648K, reserved 1114112K
  class space    used 6882K, committed 7168K, reserved 1048576K
}
Event: 11.713 GC heap before
{Heap before GC invocations=13 (full 0):
 garbage-first heap   total reserved 2097152K, committed 48128K, used 39724K [0x0000000080000000, 0x0000000100000000)
  region size 1024K, 19 young (19456K), 3 survivors (3072K)
 Metaspace       used 55058K, committed 55744K, reserved 1114112K
  class space    used 7358K, committed 7680K, reserved 1048576K
}
Event: 11.719 GC heap after
{Heap after GC invocations=14 (full 0):
 garbage-first heap   total reserved 2097152K, committed 48128K, used 25307K [0x0000000080000000, 0x0000000100000000)
  region size 1024K, 2 young (2048K), 2 survivors (2048K)
 Metaspace       used 55058K, committed 55744K, reserved 1114112K
  class space    used 7358K, committed 7680K, reserved 1048576K
}
Event: 12.421 GC heap before
{Heap before GC invocations=15 (full 0):
 garbage-first heap   total reserved 2097152K, committed 48128K, used 42715K [0x0000000080000000, 0x0000000100000000)
  region size 1024K, 19 young (19456K), 2 survivors (2048K)
 Metaspace       used 59379K, committed 60032K, reserved 1114112K
  class space    used 8203K, committed 8512K, reserved 1048576K
}
Event: 12.426 GC heap after
{Heap after GC invocations=16 (full 0):
 garbage-first heap   total reserved 2097152K, committed 48128K, used 25874K [0x0000000080000000, 0x0000000100000000)
  region size 1024K, 2 young (2048K), 2 survivors (2048K)
 Metaspace       used 59379K, committed 60032K, reserved 1114112K
  class space    used 8203K, committed 8512K, reserved 1048576K
}
Event: 12.937 GC heap before
{Heap before GC invocations=16 (full 0):
 garbage-first heap   total reserved 2097152K, committed 48128K, used 41234K [0x0000000080000000, 0x0000000100000000)
  region size 1024K, 18 young (18432K), 2 survivors (2048K)
 Metaspace       used 62998K, committed 63680K, reserved 1114112K
  class space    used 8724K, committed 9024K, reserved 1048576K
}
Event: 12.943 GC heap after
{Heap after GC invocations=17 (full 0):
 garbage-first heap   total reserved 2097152K, committed 48128K, used 26942K [0x0000000080000000, 0x0000000100000000)
  region size 1024K, 3 young (3072K), 3 survivors (3072K)
 Metaspace       used 62998K, committed 63680K, reserved 1114112K
  class space    used 8724K, committed 9024K, reserved 1048576K
}
Event: 13.611 GC heap before
{Heap before GC invocations=17 (full 0):
 garbage-first heap   total reserved 2097152K, committed 48128K, used 41278K [0x0000000080000000, 0x0000000100000000)
  region size 1024K, 17 young (17408K), 3 survivors (3072K)
 Metaspace       used 65922K, committed 66624K, reserved 1114112K
  class space    used 9148K, committed 9472K, reserved 1048576K
}
Event: 13.618 GC heap after
{Heap after GC invocations=18 (full 0):
 garbage-first heap   total reserved 2097152K, committed 48128K, used 28048K [0x0000000080000000, 0x0000000100000000)
  region size 1024K, 3 young (3072K), 3 survivors (3072K)
 Metaspace       used 65922K, committed 66624K, reserved 1114112K
  class space    used 9148K, committed 9472K, reserved 1048576K
}
Event: 14.487 GC heap before
{Heap before GC invocations=19 (full 0):
 garbage-first heap   total reserved 2097152K, committed 48128K, used 40336K [0x0000000080000000, 0x0000000100000000)
  region size 1024K, 16 young (16384K), 3 survivors (3072K)
 Metaspace       used 67938K, committed 68608K, reserved 1114112K
  class space    used 9556K, committed 9856K, reserved 1048576K
}
Event: 14.494 GC heap after
{Heap after GC invocations=20 (full 0):
 garbage-first heap   total reserved 2097152K, committed 48128K, used 29343K [0x0000000080000000, 0x0000000100000000)
  region size 1024K, 2 young (2048K), 2 survivors (2048K)
 Metaspace       used 67938K, committed 68608K, reserved 1114112K
  class space    used 9556K, committed 9856K, reserved 1048576K
}
Event: 15.007 GC heap before
{Heap before GC invocations=20 (full 0):
 garbage-first heap   total reserved 2097152K, committed 48128K, used 40607K [0x0000000080000000, 0x0000000100000000)
  region size 1024K, 14 young (14336K), 2 survivors (2048K)
 Metaspace       used 69559K, committed 70208K, reserved 1114112K
  class space    used 9906K, committed 10176K, reserved 1048576K
}
Event: 15.013 GC heap after
{Heap after GC invocations=21 (full 0):
 garbage-first heap   total reserved 2097152K, committed 48128K, used 30239K [0x0000000080000000, 0x0000000100000000)
  region size 1024K, 2 young (2048K), 2 survivors (2048K)
 Metaspace       used 69559K, committed 70208K, reserved 1114112K
  class space    used 9906K, committed 10176K, reserved 1048576K
}
Event: 15.478 GC heap before
{Heap before GC invocations=21 (full 0):
 garbage-first heap   total reserved 2097152K, committed 48128K, used 40479K [0x0000000080000000, 0x0000000100000000)
  region size 1024K, 13 young (13312K), 2 survivors (2048K)
 Metaspace       used 71204K, committed 71936K, reserved 1114112K
  class space    used 10122K, committed 10432K, reserved 1048576K
}
Event: 15.482 GC heap after
{Heap after GC invocations=22 (full 0):
 garbage-first heap   total reserved 2097152K, committed 48128K, used 31181K [0x0000000080000000, 0x0000000100000000)
  region size 1024K, 1 young (1024K), 1 survivors (1024K)
 Metaspace       used 71204K, committed 71936K, reserved 1114112K
  class space    used 10122K, committed 10432K, reserved 1048576K
}

