# JRE version: Java(TM) SE Runtime Environment (22.0.1+8) (build 22.0.1+8-16)
# Java VM: Java HotSpot(TM) 64-Bit Server VM (22.0.1+8-16, mixed mode, sharing, tiered, compressed oops, compressed class ptrs, g1 gc, windows-amd64)
GC Precious Log:
 CardTable entry size: 512
 Card Set container configuration: InlinePtr #cards 5 size 8 Array Of Cards #cards 12 size 40 Howl #buckets 4 coarsen threshold 1843 Howl Bitmap #cards 512 size 80 coarsen threshold 460 Card regions per heap region 1 cards per card region 2048
 CPUs: 2 total, 2 available
 Memory: 8190M
 Large Page Support: Disabled
 NUMA Support: Disabled
 Compressed Oops: Enabled (32-bit)
 Heap Region Size: 1M
 Heap Min Capacity: 8M
 Heap Initial Capacity: 128M
 Heap Max Capacity: 2G
 Pre-touch: Disabled
 Parallel Workers: 2
 Concurrent Workers: 1
 Concurrent Refinement Workers: 2
 Periodic GC: Disabled
Heap:
 garbage-first heap   total reserved 2097152K, committed 51200K, used 31236K [0x0000000080000000, 0x0000000100000000)
  region size 1024K, 3 young (3072K), 2 survivors (2048K)
 Metaspace       used 71783K, committed 72448K, reserved 1114112K
  class space    used 10254K, committed 10560K, reserved 1048576K
GC Heap History (20 events):
Event: 7.069 GC heap before
{Heap before GC invocations=8 (full 0):
 garbage-first heap   total reserved 2097152K, committed 51200K, used 21628K [0x0000000080000000, 0x0000000100000000)
  region size 1024K, 4 young (4096K), 3 survivors (3072K)
 Metaspace       used 35560K, committed 35968K, reserved 1114112K
  class space    used 4675K, committed 4864K, reserved 1048576K
}
Event: 7.073 GC heap after
{Heap after GC invocations=9 (full 0):
 garbage-first heap   total reserved 2097152K, committed 51200K, used 21948K [0x0000000080000000, 0x0000000100000000)
  region size 1024K, 1 young (1024K), 1 survivors (1024K)
 Metaspace       used 35560K, committed 35968K, reserved 1114112K
  class space    used 4675K, committed 4864K, reserved 1048576K
}
Event: 8.607 GC heap before
{Heap before GC invocations=10 (full 0):
 garbage-first heap   total reserved 2097152K, committed 51200K, used 40380K [0x0000000080000000, 0x0000000100000000)
  region size 1024K, 20 young (20480K), 1 survivors (1024K)
 Metaspace       used 42204K, committed 42816K, reserved 1114112K
  class space    used 5495K, committed 5760K, reserved 1048576K
}
Event: 8.611 GC heap after
{Heap after GC invocations=11 (full 0):
 garbage-first heap   total reserved 2097152K, committed 51200K, used 23441K [0x0000000080000000, 0x0000000100000000)
  region size 1024K, 2 young (2048K), 2 survivors (2048K)
 Metaspace       used 42204K, committed 42816K, reserved 1114112K
  class space    used 5495K, committed 5760K, reserved 1048576K
}
Event: 9.539 GC heap before
{Heap before GC invocations=11 (full 0):
 garbage-first heap   total reserved 2097152K, committed 51200K, used 41873K [0x0000000080000000, 0x0000000100000000)
  region size 1024K, 21 young (21504K), 2 survivors (2048K)
 Metaspace       used 46707K, committed 47232K, reserved 1114112K
  class space    used 6245K, committed 6464K, reserved 1048576K
}
Event: 9.545 GC heap after
{Heap after GC invocations=12 (full 0):
 garbage-first heap   total reserved 2097152K, committed 51200K, used 23334K [0x0000000080000000, 0x0000000100000000)
  region size 1024K, 2 young (2048K), 2 survivors (2048K)
 Metaspace       used 46707K, committed 47232K, reserved 1114112K
  class space    used 6245K, committed 6464K, reserved 1048576K
}
Event: 10.289 GC heap before
{Heap before GC invocations=12 (full 0):
 garbage-first heap   total reserved 2097152K, committed 51200K, used 42790K [0x0000000080000000, 0x0000000100000000)
  region size 1024K, 21 young (21504K), 2 survivors (2048K)
 Metaspace       used 51657K, committed 52288K, reserved 1114112K
  class space    used 6963K, committed 7232K, reserved 1048576K
}
Event: 10.294 GC heap after
{Heap after GC invocations=13 (full 0):
 garbage-first heap   total reserved 2097152K, committed 51200K, used 24549K [0x0000000080000000, 0x0000000100000000)
  region size 1024K, 3 young (3072K), 3 survivors (3072K)
 Metaspace       used 51657K, committed 52288K, reserved 1114112K
  class space    used 6963K, committed 7232K, reserved 1048576K
}
Event: 10.823 GC heap before
{Heap before GC invocations=13 (full 0):
 garbage-first heap   total reserved 2097152K, committed 51200K, used 42981K [0x0000000080000000, 0x0000000100000000)
  region size 1024K, 22 young (22528K), 3 survivors (3072K)
 Metaspace       used 57354K, committed 57984K, reserved 1114112K
  class space    used 7788K, committed 8064K, reserved 1048576K
}
Event: 10.829 GC heap after
{Heap after GC invocations=14 (full 0):
 garbage-first heap   total reserved 2097152K, committed 51200K, used 25265K [0x0000000080000000, 0x0000000100000000)
  region size 1024K, 2 young (2048K), 2 survivors (2048K)
 Metaspace       used 57354K, committed 57984K, reserved 1114112K
  class space    used 7788K, committed 8064K, reserved 1048576K
}
Event: 11.201 GC heap before
{Heap before GC invocations=14 (full 0):
 garbage-first heap   total reserved 2097152K, committed 51200K, used 35505K [0x0000000080000000, 0x0000000100000000)
  region size 1024K, 13 young (13312K), 2 survivors (2048K)
 Metaspace       used 59538K, committed 60096K, reserved 1114112K
  class space    used 8195K, committed 8448K, reserved 1048576K
}
Event: 11.206 GC heap after
{Heap after GC invocations=15 (full 0):
 garbage-first heap   total reserved 2097152K, committed 51200K, used 25655K [0x0000000080000000, 0x0000000100000000)
  region size 1024K, 2 young (2048K), 2 survivors (2048K)
 Metaspace       used 59538K, committed 60096K, reserved 1114112K
  class space    used 8195K, committed 8448K, reserved 1048576K
}
Event: 11.928 GC heap before
{Heap before GC invocations=16 (full 0):
 garbage-first heap   total reserved 2097152K, committed 51200K, used 45111K [0x0000000080000000, 0x0000000100000000)
  region size 1024K, 21 young (21504K), 2 survivors (2048K)
 Metaspace       used 63136K, committed 63808K, reserved 1114112K
  class space    used 8751K, committed 9088K, reserved 1048576K
}
Event: 11.933 GC heap after
{Heap after GC invocations=17 (full 0):
 garbage-first heap   total reserved 2097152K, committed 51200K, used 27015K [0x0000000080000000, 0x0000000100000000)
  region size 1024K, 3 young (3072K), 3 survivors (3072K)
 Metaspace       used 63136K, committed 63808K, reserved 1114112K
  class space    used 8751K, committed 9088K, reserved 1048576K
}
Event: 12.592 GC heap before
{Heap before GC invocations=17 (full 0):
 garbage-first heap   total reserved 2097152K, committed 51200K, used 43399K [0x0000000080000000, 0x0000000100000000)
  region size 1024K, 20 young (20480K), 3 survivors (3072K)
 Metaspace       used 66915K, committed 67584K, reserved 1114112K
  class space    used 9296K, committed 9600K, reserved 1048576K
}
Event: 12.607 GC heap after
{Heap after GC invocations=18 (full 0):
 garbage-first heap   total reserved 2097152K, committed 51200K, used 28145K [0x0000000080000000, 0x0000000100000000)
  region size 1024K, 3 young (3072K), 3 survivors (3072K)
 Metaspace       used 66915K, committed 67584K, reserved 1114112K
  class space    used 9296K, committed 9600K, reserved 1048576K
}
Event: 13.251 GC heap before
{Heap before GC invocations=18 (full 0):
 garbage-first heap   total reserved 2097152K, committed 51200K, used 43505K [0x0000000080000000, 0x0000000100000000)
  region size 1024K, 19 young (19456K), 3 survivors (3072K)
 Metaspace       used 69732K, committed 70400K, reserved 1114112K
  class space    used 9907K, committed 10176K, reserved 1048576K
}
Event: 13.259 GC heap after
{Heap after GC invocations=19 (full 0):
 garbage-first heap   total reserved 2097152K, committed 51200K, used 29610K [0x0000000080000000, 0x0000000100000000)
  region size 1024K, 2 young (2048K), 2 survivors (2048K)
 Metaspace       used 69732K, committed 70400K, reserved 1114112K
  class space    used 9907K, committed 10176K, reserved 1048576K
}
Event: 13.636 GC heap before
{Heap before GC invocations=20 (full 0):
 garbage-first heap   total reserved 2097152K, committed 51200K, used 44970K [0x0000000080000000, 0x0000000100000000)
  region size 1024K, 17 young (17408K), 2 survivors (2048K)
 Metaspace       used 69732K, committed 70400K, reserved 1114112K
  class space    used 9907K, committed 10176K, reserved 1048576K
}
Event: 13.641 GC heap after
{Heap after GC invocations=21 (full 0):
 garbage-first heap   total reserved 2097152K, committed 51200K, used 30597K [0x0000000080000000, 0x0000000100000000)
  region size 1024K, 3 young (3072K), 3 survivors (3072K)
 Metaspace       used 69732K, committed 70400K, reserved 1114112K
  class space    used 9907K, committed 10176K, reserved 1048576K
}

